<?xml version="1.0" encoding="UTF-8"?>
<!-- Generated by org.testng.reporters.JUnitXMLReporter -->
<testsuite hostname="ip-172-31-70-208" ignored="1" name="Amazon_project_TestNG_excludeTest_Name" tests="3" failures="0" timestamp="2021-02-15T04:34:26 UTC" time="14.361" errors="0">
  <testcase name="amazon_homepage" time="1.975" classname="com.project.amazon.test.Amazon_project_TestNG"/>
  <testcase name="amazon_smileNGO" time="10.042" classname="com.project.amazon.test.Amazon_project_TestNG"/>
  <testcase name="amazon_subCart" time="1.092" classname="com.project.amazon.test.Amazon_project_TestNG"/>
  <testcase name="amazon_buy" time="0.0" classname="com.project.amazon.test.Amazon_project_TestNG">
    <ignored/>
  </testcase> <!-- amazon_buy -->
</testsuite> <!-- Amazon_project_TestNG_excludeTest_Name -->
