<?xml version="1.0" encoding="UTF-8"?>
<!-- Generated by org.testng.reporters.JUnitXMLReporter -->
<testsuite hostname="ip-172-31-70-208" ignored="0" name="Test_Framework" tests="17" failures="1" timestamp="2021-02-13T12:08:37 UTC" time="139.822" errors="0">
  <testcase name="Diff" time="0.01" classname="framework.excel.TestNG_with_ExcelDataProvider"/>
  <testcase name="Diff" time="0.002" classname="framework.excel.TestNG_with_ExcelDataProvider">
    <skipped/>
  </testcase> <!-- Diff -->
  <testcase name="Diff" time="0.001" classname="framework.excel.TestNG_with_ExcelDataProvider">
    <skipped/>
  </testcase> <!-- Diff -->
  <testcase name="Diff" time="0.001" classname="framework.excel.TestNG_with_ExcelDataProvider">
    <skipped/>
  </testcase> <!-- Diff -->
  <testcase name="Diff" time="0.0" classname="framework.excel.TestNG_with_ExcelDataProvider">
    <skipped/>
  </testcase> <!-- Diff -->
  <testcase name="Diff" time="0.001" classname="framework.excel.TestNG_with_ExcelDataProvider">
    <skipped/>
  </testcase> <!-- Diff -->
  <testcase name="Diff" time="0.001" classname="framework.excel.TestNG_with_ExcelDataProvider">
    <skipped/>
  </testcase> <!-- Diff -->
  <testcase name="Diff" time="0.001" classname="framework.excel.TestNG_with_ExcelDataProvider">
    <skipped/>
  </testcase> <!-- Diff -->
  <testcase name="Diff" time="0.001" classname="framework.excel.TestNG_with_ExcelDataProvider">
    <skipped/>
  </testcase> <!-- Diff -->
  <testcase name="Diff" time="0.001" classname="framework.excel.TestNG_with_ExcelDataProvider">
    <skipped/>
  </testcase> <!-- Diff -->
  <testcase name="Diff" time="0.001" classname="framework.excel.TestNG_with_ExcelDataProvider">
    <skipped/>
  </testcase> <!-- Diff -->
  <testcase name="Diff" time="0.001" classname="framework.excel.TestNG_with_ExcelDataProvider">
    <failure type="java.lang.AssertionError" message="expected [-2] but found [-18]">
      <![CDATA[java.lang.AssertionError: expected [-2] but found [-18]
at framework.excel.TestNG_with_ExcelDataProvider.Diff(TestNG_with_ExcelDataProvider.java:205)
at java.util.ArrayList.forEach(ArrayList.java:1259)
... Removed 33 stack frames]]>
    </failure>
  </testcase> <!-- Diff -->
  <testcase name="Registration_data" time="23.567" classname="framework.excel.TestNG_with_ExcelDataProvider"/>
  <testcase name="Registration_data" time="23.062" classname="framework.excel.TestNG_with_ExcelDataProvider"/>
  <testcase name="Registration_data" time="23.065" classname="framework.excel.TestNG_with_ExcelDataProvider"/>
  <testcase name="Registration_data" time="23.093" classname="framework.excel.TestNG_with_ExcelDataProvider"/>
  <testcase name="Registration_data" time="23.035" classname="framework.excel.TestNG_with_ExcelDataProvider"/>
</testsuite> <!-- Test_Framework -->
